{"contracts/OceanBounty.sol":{"l":{"68":29,"71":29,"72":29,"73":29,"74":29,"75":29,"76":29,"78":29,"79":29,"80":29,"81":29,"83":29,"84":29,"85":29,"86":29,"87":29,"89":29,"98":180,"99":180,"100":180,"114":51,"115":51,"116":51,"118":51,"119":51,"120":51,"121":51,"122":49,"124":49,"125":49,"126":49,"127":49,"128":49,"130":49,"139":78,"140":78,"141":78,"158":49,"160":49,"161":1,"162":1,"163":1,"165":2,"166":2,"167":2,"168":2,"169":2,"184":1,"185":1,"186":1,"187":1,"188":1,"190":1,"191":0,"192":0,"207":2,"208":2,"209":2,"210":2,"211":2,"213":2,"214":2,"215":2,"217":2,"225":78,"226":78,"227":57,"230":21,"239":49,"241":49,"242":28,"245":21,"260":80,"262":80,"263":66,"264":66,"265":66,"267":14,"269":14,"270":12,"271":12,"274":2,"295":49,"296":49,"297":49,"298":49,"299":49,"301":49,"302":21,"303":21,"304":25,"305":25,"307":21,"308":21,"311":28,"313":28,"314":52,"315":52,"317":28,"318":28},"path":"/Users/chris/Documents/BlockchainProjects/hackathon/SmartContractParser/contracts/OceanBounty.sol","s":{"1":29,"2":29,"3":29,"4":29,"5":29,"6":29,"7":29,"8":29,"9":29,"10":29,"11":29,"12":29,"13":29,"14":29,"15":29,"16":180,"17":180,"18":51,"19":51,"20":51,"21":51,"22":51,"23":51,"24":51,"25":49,"26":49,"27":49,"28":49,"29":49,"30":49,"31":49,"32":78,"33":78,"34":78,"35":49,"36":49,"37":1,"38":1,"39":48,"40":2,"41":1,"42":1,"43":1,"44":1,"45":1,"46":0,"47":2,"48":2,"49":2,"50":2,"51":2,"52":2,"53":2,"54":2,"55":78,"56":78,"57":21,"58":49,"59":49,"60":28,"61":21,"62":21,"63":80,"64":80,"65":66,"66":66,"67":66,"68":14,"69":14,"70":12,"71":12,"72":2,"73":49,"74":49,"75":49,"76":21,"77":21,"78":25,"79":21,"80":28,"81":28,"82":28,"83":52,"84":28},"b":{"1":[29,0],"2":[29,0],"3":[29,0],"4":[51,0],"5":[51,0],"6":[51,0],"7":[49,2],"8":[49,0],"9":[1,48],"10":[2,46],"11":[57,21],"12":[21,0],"13":[28,21],"14":[21,0],"15":[66,14],"16":[12,2],"17":[21,28],"18":[28,0]},"f":{"1":29,"2":180,"3":51,"4":78,"5":49,"6":1,"7":2,"8":78,"9":49,"10":80,"11":49},"fnMap":{"1":{"name":"proposeTrack","line":67,"loc":{"start":{"line":67,"column":4},"end":{"line":67,"column":61}}},"2":{"name":"createNewUser","line":97,"loc":{"start":{"line":97,"column":4},"end":{"line":97,"column":31}}},"3":{"name":"vouchOrReject","line":113,"loc":{"start":{"line":113,"column":4},"end":{"line":113,"column":61}}},"4":{"name":"updateGenre","line":138,"loc":{"start":{"line":138,"column":4},"end":{"line":138,"column":47}}},"5":{"name":"updateTrackState","line":157,"loc":{"start":{"line":157,"column":4},"end":{"line":157,"column":68}}},"6":{"name":"applyWhitelistPenalty","line":183,"loc":{"start":{"line":183,"column":4},"end":{"line":183,"column":60}}},"7":{"name":"applyBlacklistPenalty","line":206,"loc":{"start":{"line":206,"column":4},"end":{"line":206,"column":82}}},"8":{"name":"updateuserAddressToVote","line":224,"loc":{"start":{"line":224,"column":4},"end":{"line":224,"column":92}}},"9":{"name":"updateTrackRating","line":238,"loc":{"start":{"line":238,"column":4},"end":{"line":238,"column":66}}},"10":{"name":"updateNumberOfVotesPerDay","line":259,"loc":{"start":{"line":259,"column":4},"end":{"line":259,"column":79}}},"11":{"name":"updateCredits","line":294,"loc":{"start":{"line":294,"column":4},"end":{"line":294,"column":83}}}},"statementMap":{"1":{"start":{"line":68,"column":8},"end":{"line":68,"column":33}},"2":{"start":{"line":71,"column":8},"end":{"line":71,"column":76}},"3":{"start":{"line":72,"column":8},"end":{"line":72,"column":108}},"4":{"start":{"line":73,"column":8},"end":{"line":73,"column":101}},"5":{"start":{"line":75,"column":8},"end":{"line":75,"column":29}},"6":{"start":{"line":76,"column":8},"end":{"line":76,"column":36}},"7":{"start":{"line":79,"column":8},"end":{"line":79,"column":36}},"8":{"start":{"line":80,"column":8},"end":{"line":80,"column":28}},"9":{"start":{"line":81,"column":8},"end":{"line":81,"column":38}},"10":{"start":{"line":83,"column":8},"end":{"line":83,"column":39}},"11":{"start":{"line":84,"column":8},"end":{"line":84,"column":55}},"12":{"start":{"line":85,"column":8},"end":{"line":85,"column":37}},"13":{"start":{"line":86,"column":8},"end":{"line":86,"column":30}},"14":{"start":{"line":87,"column":8},"end":{"line":87,"column":44}},"15":{"start":{"line":89,"column":8},"end":{"line":89,"column":73}},"16":{"start":{"line":99,"column":8},"end":{"line":99,"column":39}},"17":{"start":{"line":100,"column":8},"end":{"line":100,"column":41}},"18":{"start":{"line":114,"column":8},"end":{"line":114,"column":39}},"19":{"start":{"line":115,"column":8},"end":{"line":115,"column":53}},"20":{"start":{"line":116,"column":8},"end":{"line":116,"column":35}},"21":{"start":{"line":118,"column":8},"end":{"line":118,"column":129}},"22":{"start":{"line":119,"column":8},"end":{"line":119,"column":113}},"23":{"start":{"line":120,"column":8},"end":{"line":120,"column":87}},"24":{"start":{"line":121,"column":8},"end":{"line":121,"column":129}},"25":{"start":{"line":122,"column":8},"end":{"line":122,"column":102}},"26":{"start":{"line":124,"column":8},"end":{"line":124,"column":44}},"27":{"start":{"line":125,"column":8},"end":{"line":125,"column":51}},"28":{"start":{"line":126,"column":8},"end":{"line":126,"column":52}},"29":{"start":{"line":127,"column":8},"end":{"line":127,"column":36}},"30":{"start":{"line":128,"column":8},"end":{"line":128,"column":44}},"31":{"start":{"line":130,"column":8},"end":{"line":130,"column":109}},"32":{"start":{"line":139,"column":8},"end":{"line":139,"column":55}},"33":{"start":{"line":140,"column":8},"end":{"line":140,"column":28}},"34":{"start":{"line":141,"column":8},"end":{"line":141,"column":77}},"35":{"start":{"line":158,"column":8},"end":{"line":158,"column":53}},"36":{"start":{"line":160,"column":8},"end":{"line":160,"column":6705}},"37":{"start":{"line":162,"column":12},"end":{"line":162,"column":38}},"38":{"start":{"line":163,"column":12},"end":{"line":163,"column":43}},"39":{"start":{"line":164,"column":14},"end":{"line":164,"column":6981}},"40":{"start":{"line":166,"column":12},"end":{"line":166,"column":55}},"41":{"start":{"line":184,"column":8},"end":{"line":184,"column":53}},"42":{"start":{"line":185,"column":8},"end":{"line":185,"column":45}},"43":{"start":{"line":186,"column":8},"end":{"line":186,"column":88}},"44":{"start":{"line":188,"column":8},"end":{"line":188,"column":41}},"45":{"start":{"line":190,"column":12},"end":{"line":190,"column":8212}},"46":{"start":{"line":191,"column":16},"end":{"line":191,"column":46}},"47":{"start":{"line":207,"column":8},"end":{"line":207,"column":53}},"48":{"start":{"line":208,"column":8},"end":{"line":208,"column":62}},"49":{"start":{"line":209,"column":8},"end":{"line":209,"column":91}},"50":{"start":{"line":211,"column":8},"end":{"line":211,"column":41}},"51":{"start":{"line":213,"column":12},"end":{"line":213,"column":9360}},"52":{"start":{"line":214,"column":16},"end":{"line":214,"column":46}},"53":{"start":{"line":215,"column":15},"end":{"line":215,"column":125}},"54":{"start":{"line":217,"column":12},"end":{"line":217,"column":23}},"55":{"start":{"line":225,"column":8},"end":{"line":225,"column":53}},"56":{"start":{"line":226,"column":8},"end":{"line":226,"column":10078}},"57":{"start":{"line":229,"column":13},"end":{"line":229,"column":10166}},"58":{"start":{"line":239,"column":8},"end":{"line":239,"column":53}},"59":{"start":{"line":241,"column":8},"end":{"line":241,"column":10593}},"60":{"start":{"line":242,"column":8},"end":{"line":242,"column":79}},"61":{"start":{"line":244,"column":13},"end":{"line":244,"column":10718}},"62":{"start":{"line":245,"column":8},"end":{"line":245,"column":71}},"63":{"start":{"line":260,"column":8},"end":{"line":260,"column":33}},"64":{"start":{"line":262,"column":8},"end":{"line":262,"column":11562}},"65":{"start":{"line":263,"column":12},"end":{"line":263,"column":55}},"66":{"start":{"line":264,"column":12},"end":{"line":264,"column":56}},"67":{"start":{"line":265,"column":12},"end":{"line":265,"column":23}},"68":{"start":{"line":267,"column":12},"end":{"line":267,"column":62}},"69":{"start":{"line":269,"column":12},"end":{"line":269,"column":11846}},"70":{"start":{"line":270,"column":16},"end":{"line":270,"column":129}},"71":{"start":{"line":271,"column":16},"end":{"line":271,"column":27}},"72":{"start":{"line":274,"column":8},"end":{"line":274,"column":20}},"73":{"start":{"line":295,"column":8},"end":{"line":295,"column":53}},"74":{"start":{"line":296,"column":8},"end":{"line":296,"column":52}},"75":{"start":{"line":301,"column":8},"end":{"line":301,"column":13463}},"76":{"start":{"line":302,"column":12},"end":{"line":302,"column":40}},"77":{"start":{"line":303,"column":12},"end":{"line":303,"column":13555}},"78":{"start":{"line":304,"column":16},"end":{"line":304,"column":46}},"79":{"start":{"line":308,"column":12},"end":{"line":308,"column":67}},"80":{"start":{"line":310,"column":13},"end":{"line":310,"column":13836}},"81":{"start":{"line":311,"column":12},"end":{"line":311,"column":40}},"82":{"start":{"line":313,"column":12},"end":{"line":313,"column":13932}},"83":{"start":{"line":314,"column":16},"end":{"line":314,"column":46}},"84":{"start":{"line":318,"column":12},"end":{"line":318,"column":67}}},"branchMap":{"1":{"line":71,"type":"if","locations":[{"start":{"line":71,"column":8},"end":{"line":71,"column":8}},{"start":{"line":71,"column":8},"end":{"line":71,"column":8}}]},"2":{"line":72,"type":"if","locations":[{"start":{"line":72,"column":8},"end":{"line":72,"column":8}},{"start":{"line":72,"column":8},"end":{"line":72,"column":8}}]},"3":{"line":73,"type":"if","locations":[{"start":{"line":73,"column":8},"end":{"line":73,"column":8}},{"start":{"line":73,"column":8},"end":{"line":73,"column":8}}]},"4":{"line":118,"type":"if","locations":[{"start":{"line":118,"column":8},"end":{"line":118,"column":8}},{"start":{"line":118,"column":8},"end":{"line":118,"column":8}}]},"5":{"line":119,"type":"if","locations":[{"start":{"line":119,"column":8},"end":{"line":119,"column":8}},{"start":{"line":119,"column":8},"end":{"line":119,"column":8}}]},"6":{"line":120,"type":"if","locations":[{"start":{"line":120,"column":8},"end":{"line":120,"column":8}},{"start":{"line":120,"column":8},"end":{"line":120,"column":8}}]},"7":{"line":121,"type":"if","locations":[{"start":{"line":121,"column":8},"end":{"line":121,"column":8}},{"start":{"line":121,"column":8},"end":{"line":121,"column":8}}]},"8":{"line":122,"type":"if","locations":[{"start":{"line":122,"column":8},"end":{"line":122,"column":8}},{"start":{"line":122,"column":8},"end":{"line":122,"column":8}}]},"9":{"line":160,"type":"if","locations":[{"start":{"line":160,"column":8},"end":{"line":160,"column":8}},{"start":{"line":160,"column":8},"end":{"line":160,"column":8}}]},"10":{"line":164,"type":"if","locations":[{"start":{"line":164,"column":14},"end":{"line":164,"column":14}},{"start":{"line":164,"column":14},"end":{"line":164,"column":14}}]},"11":{"line":226,"type":"if","locations":[{"start":{"line":226,"column":8},"end":{"line":226,"column":8}},{"start":{"line":226,"column":8},"end":{"line":226,"column":8}}]},"12":{"line":229,"type":"if","locations":[{"start":{"line":229,"column":13},"end":{"line":229,"column":13}},{"start":{"line":229,"column":13},"end":{"line":229,"column":13}}]},"13":{"line":241,"type":"if","locations":[{"start":{"line":241,"column":8},"end":{"line":241,"column":8}},{"start":{"line":241,"column":8},"end":{"line":241,"column":8}}]},"14":{"line":244,"type":"if","locations":[{"start":{"line":244,"column":13},"end":{"line":244,"column":13}},{"start":{"line":244,"column":13},"end":{"line":244,"column":13}}]},"15":{"line":262,"type":"if","locations":[{"start":{"line":262,"column":8},"end":{"line":262,"column":8}},{"start":{"line":262,"column":8},"end":{"line":262,"column":8}}]},"16":{"line":269,"type":"if","locations":[{"start":{"line":269,"column":12},"end":{"line":269,"column":12}},{"start":{"line":269,"column":12},"end":{"line":269,"column":12}}]},"17":{"line":301,"type":"if","locations":[{"start":{"line":301,"column":8},"end":{"line":301,"column":8}},{"start":{"line":301,"column":8},"end":{"line":301,"column":8}}]},"18":{"line":310,"type":"if","locations":[{"start":{"line":310,"column":13},"end":{"line":310,"column":13}},{"start":{"line":310,"column":13},"end":{"line":310,"column":13}}]}}},"contracts/sampleContract.sol":{"l":{"9":0,"14":0,"26":0},"path":"/Users/chris/Documents/BlockchainProjects/hackathon/SmartContractParser/contracts/sampleContract.sol","s":{"1":0,"2":0,"3":0},"b":{"1":[0,0]},"f":{"1":0,"2":0,"3":0,"4":0,"5":0,"6":0},"fnMap":{"1":{"name":null,"line":8,"loc":{"start":{"line":8,"column":2},"end":{"line":8,"column":22}}},"2":{"name":"restricted","line":13,"loc":{"start":{"line":13,"column":2},"end":{"line":13,"column":23}}},"3":{"name":"testFunction1","line":19,"loc":{"start":{"line":19,"column":2},"end":{"line":19,"column":31}}},"4":{"name":"setCompleted","line":25,"loc":{"start":{"line":25,"column":2},"end":{"line":25,"column":70}}},"5":{"name":"transfer","line":32,"loc":{"start":{"line":32,"column":2},"end":{"line":32,"column":50}}},"6":{"name":"withdraw","line":43,"loc":{"start":{"line":43,"column":4},"end":{"line":43,"column":50}}}},"statementMap":{"1":{"start":{"line":9,"column":4},"end":{"line":9,"column":21}},"2":{"start":{"line":14,"column":4},"end":{"line":14,"column":30}},"3":{"start":{"line":26,"column":4},"end":{"line":26,"column":39}}},"branchMap":{"1":{"line":14,"type":"if","locations":[{"start":{"line":14,"column":4},"end":{"line":14,"column":4}},{"start":{"line":14,"column":4},"end":{"line":14,"column":4}}]}}}}