TN:
SF:/Users/chris/Documents/BlockchainProjects/hackathon/SmartContractParser/contracts/OceanBounty.sol
FN:67,proposeTrack
FN:97,createNewUser
FN:113,vouchOrReject
FN:138,updateGenre
FN:157,updateTrackState
FN:183,applyWhitelistPenalty
FN:206,applyBlacklistPenalty
FN:224,updateuserAddressToVote
FN:238,updateTrackRating
FN:259,updateNumberOfVotesPerDay
FN:294,updateCredits
FNF:11
FNH:11
FNDA:29,proposeTrack
FNDA:180,createNewUser
FNDA:51,vouchOrReject
FNDA:78,updateGenre
FNDA:49,updateTrackState
FNDA:1,applyWhitelistPenalty
FNDA:2,applyBlacklistPenalty
FNDA:78,updateuserAddressToVote
FNDA:49,updateTrackRating
FNDA:80,updateNumberOfVotesPerDay
FNDA:49,updateCredits
DA:68,29
DA:71,29
DA:72,29
DA:73,29
DA:74,29
DA:75,29
DA:76,29
DA:78,29
DA:79,29
DA:80,29
DA:81,29
DA:83,29
DA:84,29
DA:85,29
DA:86,29
DA:87,29
DA:89,29
DA:98,180
DA:99,180
DA:100,180
DA:114,51
DA:115,51
DA:116,51
DA:118,51
DA:119,51
DA:120,51
DA:121,51
DA:122,49
DA:124,49
DA:125,49
DA:126,49
DA:127,49
DA:128,49
DA:130,49
DA:139,78
DA:140,78
DA:141,78
DA:158,49
DA:160,49
DA:161,1
DA:162,1
DA:163,1
DA:165,2
DA:166,2
DA:167,2
DA:168,2
DA:169,2
DA:184,1
DA:185,1
DA:186,1
DA:187,1
DA:188,1
DA:190,1
DA:191,0
DA:192,0
DA:207,2
DA:208,2
DA:209,2
DA:210,2
DA:211,2
DA:213,2
DA:214,2
DA:215,2
DA:217,2
DA:225,78
DA:226,78
DA:227,57
DA:230,21
DA:239,49
DA:241,49
DA:242,28
DA:245,21
DA:260,80
DA:262,80
DA:263,66
DA:264,66
DA:265,66
DA:267,14
DA:269,14
DA:270,12
DA:271,12
DA:274,2
DA:295,49
DA:296,49
DA:297,49
DA:298,49
DA:299,49
DA:301,49
DA:302,21
DA:303,21
DA:304,25
DA:305,25
DA:307,21
DA:308,21
DA:311,28
DA:313,28
DA:314,52
DA:315,52
DA:317,28
DA:318,28
LF:100
LH:98
BRDA:71,1,0,29
BRDA:71,1,1,0
BRDA:72,2,0,29
BRDA:72,2,1,0
BRDA:73,3,0,29
BRDA:73,3,1,0
BRDA:118,4,0,51
BRDA:118,4,1,0
BRDA:119,5,0,51
BRDA:119,5,1,0
BRDA:120,6,0,51
BRDA:120,6,1,0
BRDA:121,7,0,49
BRDA:121,7,1,2
BRDA:122,8,0,49
BRDA:122,8,1,0
BRDA:160,9,0,1
BRDA:160,9,1,48
BRDA:164,10,0,2
BRDA:164,10,1,46
BRDA:226,11,0,57
BRDA:226,11,1,21
BRDA:229,12,0,21
BRDA:229,12,1,0
BRDA:241,13,0,28
BRDA:241,13,1,21
BRDA:244,14,0,21
BRDA:244,14,1,0
BRDA:262,15,0,66
BRDA:262,15,1,14
BRDA:269,16,0,12
BRDA:269,16,1,2
BRDA:301,17,0,21
BRDA:301,17,1,28
BRDA:310,18,0,28
BRDA:310,18,1,0
BRF:36
BRH:26
end_of_record
TN:
SF:/Users/chris/Documents/BlockchainProjects/hackathon/SmartContractParser/contracts/sampleContract.sol
FN:8,
FN:13,restricted
FN:19,testFunction1
FN:25,setCompleted
FN:32,transfer
FN:43,withdraw
FNF:6
FNH:0
FNDA:0,
FNDA:0,restricted
FNDA:0,testFunction1
FNDA:0,setCompleted
FNDA:0,transfer
FNDA:0,withdraw
DA:9,0
DA:14,0
DA:26,0
LF:3
LH:0
BRDA:14,1,0,0
BRDA:14,1,1,0
BRF:2
BRH:0
end_of_record
